Running: C:\Xilinx\14.4\ISE_DS\ISE\bin\nt64\unwrapped\fuse.exe -intstyle ise -incremental -lib unisims_ver -lib unimacro_ver -lib xilinxcorelib_ver -lib secureip -o Y:/try/test_bench_3_stage_pipeline_isim_beh.exe -prj Y:/try/test_bench_3_stage_pipeline_beh.prj work.test_bench_3_stage_pipeline work.glbl 
ISim P.49d (signature 0x7708f090)
Number of CPUs detected in this system: 4
Turning on mult-threading, number of parallel sub-compilation jobs: 8 
Determining compilation order of HDL files
Analyzing Verilog file "Y:/try/regfile.v" into library work
Analyzing Verilog file "Y:/try/pip_stage4.v" into library work
Analyzing Verilog file "Y:/try/PC.v" into library work
Analyzing Verilog file "Y:/try/memory.v" into library work
Analyzing Verilog file "Y:/try/ID_EXEstage.v" into library work
Analyzing Verilog file "Y:/try/control.v" into library work
Analyzing Verilog file "Y:/try/alu.v" into library work
Analyzing Verilog file "Y:/try/pipelined_regfile_3stage.v" into library work
Analyzing Verilog file "Y:/try/test_bench_3_stage_pipeline.v" into library work
Analyzing Verilog file "C:/Xilinx/14.4/ISE_DS/ISE//verilog/src/glbl.v" into library work
Starting static elaboration
Completed static elaboration
Compiling module PC1
Compiling module memory
Compiling module control
Compiling module regfile
Compiling module ID_EXE_stage
Compiling module alu
Compiling module pip_stage4
Compiling module pipelined_regfile_3stage
Compiling module test_bench_3_stage_pipeline
Compiling module glbl
Time Resolution for simulation is 1ps.
Waiting for 1 sub-compilation(s) to finish...
Compiled 10 Verilog Units
Built simulation executable Y:/try/test_bench_3_stage_pipeline_isim_beh.exe
Fuse Memory Usage: 31308 KB
Fuse CPU Usage: 655 ms
