Command line:
   regfile_isim_beh.exe
     -simmode  gui
     -simrunnum  0
     -socket  57309

Fri Oct 23 22:23:43 2015


 Elaboration Time: 0.046875 sec

 Current Memory Usage: 837.362 Meg

 Total Signals          : 22
 Total Nets             : 76
 Total Signal Drivers   : 7
 Total Blocks           : 2
 Total Primitive Blocks : 2
 Total Processes        : 9
 Total Traceable Variables  : 20
 Total Scalar Nets and Variables : 444
Total Line Count : 25

 Total Simulation Time: 0.0625 sec

 Current Memory Usage: 365.478 Meg

Fri Oct 23 23:12:37 2015

