Command line:
   pipelined_regfile_3stage_isim_beh.exe
     -simmode  gui
     -simrunnum  0
     -socket  55632

Mon Nov 02 00:38:13 2015


 Elaboration Time: 0.015625 sec

 Current Memory Usage: 836.94 Meg

 Total Signals          : 149
 Total Nets             : 547
 Total Signal Drivers   : 72
 Total Blocks           : 12
 Total Primitive Blocks : 11
 Total Processes        : 83
 Total Traceable Variables  : 84
 Total Scalar Nets and Variables : 25730
Total Line Count : 387

 Total Simulation Time: 0.0625 sec

 Current Memory Usage: 836.94 Meg

Mon Nov 02 00:38:23 2015

